This is pdfTeXk, Version 3.141592-1.40.3 (Web2C 7.5.6) (format=pdflatex 2008.7.8)  17 JUL 2008 21:41
entering extended mode
 %&-line parsing enabled.
**AnalisisElGamalEccGnuPG.tex
(./AnalisisElGamalEccGnuPG.tex
LaTeX2e <2005/12/01>
Babel <v3.8h> and hyphenation patterns for english, usenglishmax, dumylang, noh
yphenation, croatian, ukrainian, russian, bulgarian, czech, slovak, danish, dut
ch, finnish, basque, french, german, ngerman, ibycus, greek, monogreek, ancient
greek, hungarian, italian, latin, mongolian, norsk, icelandic, interlingua, tur
kish, coptic, romanian, welsh, serbian, slovenian, estonian, esperanto, upperso
rbian, indonesian, polish, portuguese, spanish, catalan, galician, swedish, loa
ded.
(./cedi.cls
Document Class: cedi 2001/04/21 v1.4e Standard LaTeX document class
(./size19.clo
File: size9.clo 2001/04/21 v1.4e Standard LaTeX file (size option)
)
\c@part=\count79
\c@section=\count80
\c@subsection=\count81
\c@subsubsection=\count82
\c@paragraph=\count83
\c@subparagraph=\count84
\c@figure=\count85
\c@table=\count86
\abovecaptionskip=\skip41
\belowcaptionskip=\skip42
\bibindent=\dimen102
\c@algoritmo=\count87
 (/usr/share/texmf-texlive/tex/latex/graphics/graphicx.sty
Package: graphicx 1999/02/16 v1.0f Enhanced LaTeX Graphics (DPC,SPQR)

(/usr/share/texmf-texlive/tex/latex/graphics/keyval.sty
Package: keyval 1999/03/16 v1.13 key=value parser (DPC)
\KV@toks@=\toks14
)
(/usr/share/texmf-texlive/tex/latex/graphics/graphics.sty
Package: graphics 2006/02/20 v1.0o Standard LaTeX Graphics (DPC,SPQR)

(/usr/share/texmf-texlive/tex/latex/graphics/trig.sty
Package: trig 1999/03/16 v1.09 sin cos tan (DPC)
)
(/etc/texmf/tex/latex/config/graphics.cfg
File: graphics.cfg 2007/01/18 v1.5 graphics configuration of teTeX/TeXLive
)
Package graphics Info: Driver file: pdftex.def on input line 90.

(/usr/share/texmf-texlive/tex/latex/pdftex-def/pdftex.def
File: pdftex.def 2007/01/08 v0.04d Graphics/color for pdfTeX
\Gread@gobject=\count88
))
\Gin@req@height=\dimen103
\Gin@req@width=\dimen104
))
(/usr/share/texmf-texlive/tex/latex/amsmath/amsmath.sty
Package: amsmath 2000/07/18 v2.13 AMS math features
\@mathmargin=\skip43

For additional information on amsmath, use the `?' option.
(/usr/share/texmf-texlive/tex/latex/amsmath/amstext.sty
Package: amstext 2000/06/29 v2.01

(/usr/share/texmf-texlive/tex/latex/amsmath/amsgen.sty
File: amsgen.sty 1999/11/30 v2.0
\@emptytoks=\toks15
\ex@=\dimen105
))
(/usr/share/texmf-texlive/tex/latex/amsmath/amsbsy.sty
Package: amsbsy 1999/11/29 v1.2d
\pmbraise@=\dimen106
)
(/usr/share/texmf-texlive/tex/latex/amsmath/amsopn.sty
Package: amsopn 1999/12/14 v2.01 operator names
)
\inf@bad=\count89
LaTeX Info: Redefining \frac on input line 211.
\uproot@=\count90
\leftroot@=\count91
LaTeX Info: Redefining \overline on input line 307.
\classnum@=\count92
\DOTSCASE@=\count93
LaTeX Info: Redefining \ldots on input line 379.
LaTeX Info: Redefining \dots on input line 382.
LaTeX Info: Redefining \cdots on input line 467.
\Mathstrutbox@=\box26
\strutbox@=\box27
\big@size=\dimen107
LaTeX Font Info:    Redeclaring font encoding OML on input line 567.
LaTeX Font Info:    Redeclaring font encoding OMS on input line 568.
\macc@depth=\count94
\c@MaxMatrixCols=\count95
\dotsspace@=\muskip10
\c@parentequation=\count96
\dspbrk@lvl=\count97
\tag@help=\toks16
\row@=\count98
\column@=\count99
\maxfields@=\count100
\andhelp@=\toks17
\eqnshift@=\dimen108
\alignsep@=\dimen109
\tagshift@=\dimen110
\tagwidth@=\dimen111
\totwidth@=\dimen112
\lineht@=\dimen113
\@envbody=\toks18
\multlinegap=\skip44
\multlinetaggap=\skip45
\mathdisplay@stack=\toks19
LaTeX Info: Redefining \[ on input line 2666.
LaTeX Info: Redefining \] on input line 2667.
)
(/usr/share/texmf-texlive/tex/latex/amsfonts/amsfonts.sty
Package: amsfonts 2001/10/25 v2.2f
\symAMSa=\mathgroup4
\symAMSb=\mathgroup5
LaTeX Font Info:    Overwriting math alphabet `\mathfrak' in version `bold'
(Font)                  U/euf/m/n --> U/euf/b/n on input line 132.
)
(/usr/share/texmf-texlive/tex/latex/amscls/amsthm.sty
Package: amsthm 2004/08/06 v2.20
\thm@style=\toks20
\thm@bodyfont=\toks21
\thm@headfont=\toks22
\thm@notefont=\toks23
\thm@headpunct=\toks24
\thm@preskip=\skip46
\thm@postskip=\skip47
\thm@headsep=\skip48
\dth@everypar=\toks25
)
(/usr/share/texmf-texlive/tex/latex/amsfonts/amssymb.sty
Package: amssymb 2002/01/22 v2.2d
)
(/usr/share/texmf-texlive/tex/latex/pstricks/pstricks.sty
Package: pstricks 2006/08/10 v0.32 LaTeX wrapper for `PSTricks' (RN,HV)

(/usr/share/texmf-texlive/tex/generic/pstricks/pstricks.tex
`PSTricks' v1.15  <2006/12/22> (tvz)
\pst@dima=\dimen114
\pst@dimb=\dimen115
\pst@dimc=\dimen116
\pst@dimd=\dimen117
\pst@dimg=\dimen118
\pst@dimh=\dimen119
\pst@hbox=\box28
\pst@boxg=\box29
\pst@cnta=\count101
\pst@cntb=\count102
\pst@cntc=\count103
\pst@cntd=\count104
\pst@cntg=\count105
\pst@cnth=\count106
\pst@toks=\toks26
(/usr/share/texmf-texlive/tex/generic/pstricks/pstricks.con)
\psunit=\dimen120
\psxunit=\dimen121
\psyunit=\dimen122
\pslinewidth=\dimen123
\pst@customdefs=\toks27
\pslinearc=\dimen124
\everypsbox=\toks28
\psframesep=\dimen125
\pslabelsep=\dimen126
\psk@shift=\dimen127
\pst@shift=\dimen128
\theoverlaybox=\box30
)
File: pstricks.tex 2006/12/22 v1.15 `PSTricks' (tvz)

(/usr/share/texmf/tex/latex/xcolor/xcolor.sty
Package: xcolor 2007/01/21 v2.11 LaTeX color extensions (UK)

(/etc/texmf/tex/latex/config/color.cfg
File: color.cfg 2007/01/18 v1.5 color configuration of teTeX/TeXLive
)
Package xcolor Info: Package option `override' ignored on input line 216.
Package xcolor Info: Driver file: pdftex.def on input line 225.
Package xcolor Info: Model `cmy' substituted by `cmy0' on input line 1337.
Package xcolor Info: Model `hsb' substituted by `rgb' on input line 1341.
Package xcolor Info: Model `RGB' extended on input line 1353.
Package xcolor Info: Model `HTML' substituted by `rgb' on input line 1355.
Package xcolor Info: Model `Hsb' substituted by `hsb' on input line 1356.
Package xcolor Info: Model `tHsb' substituted by `hsb' on input line 1357.
Package xcolor Info: Model `HSB' substituted by `hsb' on input line 1358.
Package xcolor Info: Model `Gray' substituted by `gray' on input line 1359.
Package xcolor Info: Model `wave' substituted by `hsb' on input line 1360.
))
(/usr/share/texmf-texlive/tex/latex/pstricks/pst-plot.sty
Package: pst-plot 2004/07/15 package wrapper for pst-plot.tex

(/usr/share/texmf-texlive/tex/generic/pstricks/pst-plot.tex
 v97 patch 2, 1999/12/12
(/usr/share/texmf-texlive/tex/generic/multido/multido.tex
 v1.41, 2004/05/18 <tvz>
\multido@count=\count107
\multidocount=\count108
\multido@stuff=\toks29
))
File: pst-plot.tex 2004/05/18 1.41 `pst-plot' (tvz)
)
(/usr/share/texmf-texlive/tex/latex/pstricks/pst-tree.sty
Package: pst-tree 2004/07/15 package wrapper for pst-tree.tex

(/usr/share/texmf-texlive/tex/generic/pstricks/pst-tree.tex
(/usr/share/texmf-texlive/tex/generic/pstricks/pst-node.tex
 v97 patch 11, 2000/11/09
\psrow=\count109
\pscol=\count110
\psmatrixcnt=\count111
\psrowsep=\skip49
\pscolsep=\skip50
)  v97 patch 6, 2004/07/24
\pstree@rootbox=\box31
\pstree@box=\box32
\psnodecnt=\count112
\pstreelevel=\count113
\pstreecnt=\count114
\pstree@cnt=\count115
\pstree@stop=\count116
)
File: pst-tree.tex 2004/07/24 97 patch 6 `pst-tree' (tvz)
)
(/usr/share/texmf-texlive/tex/latex/algorithms/algorithmic.sty
Package: algorithmic 2006/06/02

Document Style `algorithmic' - environment
(/usr/share/texmf-texlive/tex/latex/base/ifthen.sty
Package: ifthen 2001/05/26 v1.1c Standard LaTeX ifthen package (DPC)
)
(/usr/share/texmf-texlive/tex/latex/tools/calc.sty
Package: calc 2005/08/06 v4.2 Infix arithmetic (KKT,FJ)
\calc@Acount=\count117
\calc@Bcount=\count118
\calc@Adimen=\dimen129
\calc@Bdimen=\dimen130
\calc@Askip=\skip51
\calc@Bskip=\skip52
LaTeX Info: Redefining \setlength on input line 75.
LaTeX Info: Redefining \addtolength on input line 76.
\calc@Ccount=\count119
\calc@Cskip=\skip53
)
\c@ALC@line=\count120
\c@ALC@rem=\count121
\c@ALC@depth=\count122
\ALC@tlm=\skip54
\algorithmicindent=\skip55
)
(/usr/share/texmf-texlive/tex/latex/algorithms/algorithm.sty
Package: algorithm 

Document Style `algorithm' - floating environment
(/usr/share/texmf-texlive/tex/latex/float/float.sty
Package: float 2001/11/08 v1.3d Float enhancements (AL)
\c@float@type=\count123
\float@exts=\toks30
\float@box=\box33
\@float@everytoks=\toks31
\@floatcapt=\box34
)
\@float@every@algorithm=\toks32
\c@algorithm=\count124
)
(/usr/share/texmf-texlive/tex/generic/babel/babel.sty
Package: babel 2005/11/23 v3.8h The Babel package

(/usr/share/texmf-texlive/tex/generic/babel/spanish.ldf
Language: spanish.ldf 2005/03/31 v4.2b Spanish support from the babel system

(/usr/share/texmf-texlive/tex/generic/babel/babel.def
File: babel.def 2005/11/23 v3.8h Babel common definitions
\babel@savecnt=\count125
\U@D=\dimen131
)
\es@quottoks=\toks33
\es@quotdepth=\count126
Package babel Info: Making . an active character on input line 509.
Package babel Info: Making " an active character on input line 540.
Package babel Info: Making < an active character on input line 641.
Package babel Info: Making > an active character on input line 642.
))
\c@algo=\count127
\c@@inst=\count128
\c@@auth=\count129
\c@auco=\count130
\instindent=\dimen132
\authrun=\box35
\authorrunning=\toks34
\tocauthor=\toks35
\titrun=\box36
\titlerunning=\toks36
\toctitle=\toks37

(./AnalisisElGamalEccGnuPG.aux)
\openout1 = `AnalisisElGamalEccGnuPG.aux'.

LaTeX Font Info:    Checking defaults for OML/cmm/m/it on input line 140.
LaTeX Font Info:    ... okay on input line 140.
LaTeX Font Info:    Checking defaults for T1/cmr/m/n on input line 140.
LaTeX Font Info:    ... okay on input line 140.
LaTeX Font Info:    Checking defaults for OT1/cmr/m/n on input line 140.
LaTeX Font Info:    ... okay on input line 140.
LaTeX Font Info:    Checking defaults for OMS/cmsy/m/n on input line 140.
LaTeX Font Info:    ... okay on input line 140.
LaTeX Font Info:    Checking defaults for OMX/cmex/m/n on input line 140.
LaTeX Font Info:    ... okay on input line 140.
LaTeX Font Info:    Checking defaults for U/cmr/m/n on input line 140.
LaTeX Font Info:    ... okay on input line 140.
LaTeX Font Info:    Try loading font information for U+msa on input line 148.

(/usr/share/texmf-texlive/tex/latex/amsfonts/umsa.fd
File: umsa.fd 2002/01/19 v2.2g AMS font definitions
)
LaTeX Font Info:    Try loading font information for U+msb on input line 148.

(/usr/share/texmf-texlive/tex/latex/amsfonts/umsb.fd
File: umsb.fd 2002/01/19 v2.2g AMS font definitions
)
! Missing } inserted.
<inserted text> 
                }
l.148 \maketitle
                
I've put in what seems to be necessary to fix
the current column of the current alignment.
Try to go on, since this might almost work.

! Missing { inserted.
<inserted text> 
                {
l.148 \maketitle
                
I've put in what seems to be necessary to fix
the current column of the current alignment.
Try to go on, since this might almost work.

LaTeX Font Info:    Try loading font information for OMS+cmr on input line 163.

(/usr/share/texmf-texlive/tex/latex/base/omscmr.fd
File: omscmr.fd 1999/05/25 v2.5h Standard LaTeX font definitions
)
LaTeX Font Info:    Font shape `OMS/cmr/m/n' in size <9> not available
(Font)              Font shape `OMS/cmsy/m/n' tried instead on input line 163.
 [1
Non-PDF special ignored!
Non-PDF special ignored!
Non-PDF special ignored!{/var/lib/texmf/fonts/map/pdftex/updmap/pdftex.map}


]
<./imgs/sis_hibrido.png, id=18, 650.43pt x 253.94875pt>
File: ./imgs/sis_hibrido.png Graphic file (type png)

<use ./imgs/sis_hibrido.png>
Overfull \hbox (10.18758pt too wide) in paragraph at lines 174--175
 [] 
 []


Underfull \hbox (badness 2626) in paragraph at lines 182--183
\OT1/cmr/m/n/9 plia-men-te ex-ten-di-do en apli-ca-cio-nes crip-
 []

[2 <./imgs/sis_hibrido.png (PNG copy)>]
Underfull \hbox (badness 10000) in paragraph at lines 203--204

 []


Underfull \hbox (badness 10000) in paragraph at lines 248--249

 []

[3]
Underfull \hbox (badness 10000) in paragraph at lines 295--296

 []

[4]
Underfull \vbox (badness 10000) has occurred while \output is active []


Underfull \hbox (badness 10000) in paragraph at lines 340--341

 []

[5]
Underfull \hbox (badness 10000) in paragraph at lines 366--367

 []

[6]
Underfull \hbox (badness 2005) in paragraph at lines 415--416
\OT1/cmr/m/n/9 and T. Klein-jung, \OT1/cmr/m/it/9 RSA640 fac-to-
 []


Underfull \hbox (badness 1931) in paragraph at lines 427--428
[]\OT1/cmr/m/n/9 National Ins-ti-tu-te of Stan-dards
 []


Underfull \hbox (badness 3199) in paragraph at lines 428--429
\OT1/cmr/m/n/9 and Te-ch-no-logy, \OT1/cmr/m/it/9 Di-gi-tal Sig-na-tu-re
 []

[7] (./AnalisisElGamalEccGnuPG.aux)

LaTeX Warning: Label(s) may have changed. Rerun to get cross-references right.

 ) 
Here is how much of TeX's memory you used:
 4650 strings out of 94101
 53472 string characters out of 1165811
 146500 words of memory out of 1500000
 7858 multiletter control sequences out of 10000+50000
 12751 words of font info for 49 fonts, out of 1200000 for 2000
 637 hyphenation exceptions out of 8191
 32i,11n,37p,1281b,324s stack positions out of 5000i,500n,6000p,200000b,5000s
</usr/share/texmf-texlive/fonts/type1/bluesky/cm/cmbx10.pfb></usr/share/texmf
-texlive/fonts/type1/bluesky/cm/cmbx8.pfb></usr/share/texmf-texlive/fonts/type1
/bluesky/cm/cmbx9.pfb></usr/share/texmf-texlive/fonts/type1/bluesky/cm/cmcsc10.
pfb></usr/share/texmf-texlive/fonts/type1/bluesky/cm/cmmi6.pfb></usr/share/texm
f-texlive/fonts/type1/bluesky/cm/cmmi9.pfb></usr/share/texmf-texlive/fonts/type
1/bluesky/cm/cmr12.pfb></usr/share/texmf-texlive/fonts/type1/bluesky/cm/cmr6.pf
b></usr/share/texmf-texlive/fonts/type1/bluesky/cm/cmr7.pfb></usr/share/texmf-t
exlive/fonts/type1/bluesky/cm/cmr8.pfb></usr/share/texmf-texlive/fonts/type1/bl
uesky/cm/cmr9.pfb></usr/share/texmf-texlive/fonts/type1/bluesky/cm/cmsy6.pfb></
usr/share/texmf-texlive/fonts/type1/bluesky/cm/cmsy9.pfb></usr/share/texmf-texl
ive/fonts/type1/bluesky/cm/cmti9.pfb></usr/share/texmf-texlive/fonts/type1/blue
sky/cm/cmtt8.pfb></usr/share/texmf-texlive/fonts/type1/bluesky/cm/cmtt9.pfb></u
sr/share/texmf-texlive/fonts/type1/bluesky/ams/msbm10.pfb>
Output written on AnalisisElGamalEccGnuPG.pdf (7 pages, 155040 bytes).
PDF statistics:
 97 PDF objects out of 1000 (max. 8388607)
 0 named destinations out of 1000 (max. 131072)
 12 words of extra memory for PDF output out of 10000 (max. 10000000)

